<?xml version="1.0" encoding="UTF-8"?>
<testng-results skipped="0" failed="1" ignored="0" total="4" passed="3">
  <reporter-output>
  </reporter-output>
  <suite name="Default suite" duration-ms="135674" started-at="2019-10-27T21:39:52 IST" finished-at="2019-10-27T21:42:08 IST">
    <groups>
    </groups>
    <test name="Default test" duration-ms="135674" started-at="2019-10-27T21:39:52 IST" finished-at="2019-10-27T21:42:08 IST">
      <class name="com.appium.test.AmazoneTest">
        <test-method status="PASS" signature="set()[pri:0, instance:com.appium.test.AmazoneTest@d44fc21]" name="set" is-config="true" duration-ms="35781" started-at="2019-10-27T21:39:52 IST" finished-at="2019-10-27T21:40:28 IST">
          <reporter-output>
          </reporter-output>
        </test-method> <!-- set -->
        <test-method status="PASS" signature="login()[pri:1, instance:com.appium.test.AmazoneTest@d44fc21]" name="login" duration-ms="42777" started-at="2019-10-27T21:40:28 IST" description="This test case will login into app" finished-at="2019-10-27T21:41:11 IST">
          <reporter-output>
          </reporter-output>
        </test-method> <!-- login -->
        <test-method status="FAIL" signature="language()[pri:2, instance:com.appium.test.AmazoneTest@d44fc21]" name="language" duration-ms="1739" started-at="2019-10-27T21:41:11 IST" description="This test case will choose the language" finished-at="2019-10-27T21:41:12 IST">
          <exception class="org.openqa.selenium.NoSuchElementException">
            <message>
              <![CDATA[An element could not be located on the page using the given search parameters. (WARNING: The server did not provide any stacktrace information)
Command duration or timeout: 0 milliseconds
For documentation on this error, please visit: https://www.seleniumhq.org/exceptions/no_such_element.html
Build info: version: '4.0.0-alpha-1', revision: 'd1d3728cae', time: '2019-04-24T13:42:21'
System info: host: 'lathabp-ThinkPad-L470-W10DG', ip: '127.0.1.1', os.name: 'Linux', os.arch: 'amd64', os.version: '4.15.0-64-generic', java.version: '1.8.0_222'
Driver info: io.appium.java_client.android.AndroidDriver
Capabilities {appActivity: com.amazon.mShop.splashscre..., appPackage: in.amazon.mShop.android.sho..., databaseEnabled: false, desired: {appActivity: com.amazon.mShop.splashscre..., appPackage: in.amazon.mShop.android.sho..., deviceName: MOTO C, platformName: android, platformVersion: 7.0}, deviceManufacturer: motorola, deviceModel: Moto C, deviceName: ZW322897KD, deviceScreenSize: 480x854, deviceUDID: ZW322897KD, javascriptEnabled: true, locationContextEnabled: false, networkConnectionEnabled: true, platform: LINUX, platformName: Android, platformVersion: 7.0, takesScreenshot: true, warnings: {}, webStorageEnabled: false}
Session ID: 946b34fb-496d-4e58-afb6-65cc6f85e0e3
*** Element info: {Using=class name, value=android.widget.RadioButton}]]>
            </message>
            <full-stacktrace>
              <![CDATA[org.openqa.selenium.NoSuchElementException: An element could not be located on the page using the given search parameters. (WARNING: The server did not provide any stacktrace information)
Command duration or timeout: 0 milliseconds
For documentation on this error, please visit: https://www.seleniumhq.org/exceptions/no_such_element.html
Build info: version: '4.0.0-alpha-1', revision: 'd1d3728cae', time: '2019-04-24T13:42:21'
System info: host: 'lathabp-ThinkPad-L470-W10DG', ip: '127.0.1.1', os.name: 'Linux', os.arch: 'amd64', os.version: '4.15.0-64-generic', java.version: '1.8.0_222'
Driver info: io.appium.java_client.android.AndroidDriver
Capabilities {appActivity: com.amazon.mShop.splashscre..., appPackage: in.amazon.mShop.android.sho..., databaseEnabled: false, desired: {appActivity: com.amazon.mShop.splashscre..., appPackage: in.amazon.mShop.android.sho..., deviceName: MOTO C, platformName: android, platformVersion: 7.0}, deviceManufacturer: motorola, deviceModel: Moto C, deviceName: ZW322897KD, deviceScreenSize: 480x854, deviceUDID: ZW322897KD, javascriptEnabled: true, locationContextEnabled: false, networkConnectionEnabled: true, platform: LINUX, platformName: Android, platformVersion: 7.0, takesScreenshot: true, warnings: {}, webStorageEnabled: false}
Session ID: 946b34fb-496d-4e58-afb6-65cc6f85e0e3
*** Element info: {Using=class name, value=android.widget.RadioButton}
at sun.reflect.NativeConstructorAccessorImpl.newInstance0(Native Method)
at sun.reflect.NativeConstructorAccessorImpl.newInstance(NativeConstructorAccessorImpl.java:62)
at sun.reflect.DelegatingConstructorAccessorImpl.newInstance(DelegatingConstructorAccessorImpl.java:45)
at java.lang.reflect.Constructor.newInstance(Constructor.java:423)
at org.openqa.selenium.remote.ErrorHandler.createThrowable(ErrorHandler.java:214)
at org.openqa.selenium.remote.ErrorHandler.throwIfResponseFailed(ErrorHandler.java:166)
at org.openqa.selenium.remote.codec.jwp.JsonHttpResponseCodec.reconstructValue(JsonHttpResponseCodec.java:41)
at org.openqa.selenium.remote.codec.AbstractHttpResponseCodec.decode(AbstractHttpResponseCodec.java:81)
at org.openqa.selenium.remote.codec.AbstractHttpResponseCodec.decode(AbstractHttpResponseCodec.java:45)
at org.openqa.selenium.remote.HttpCommandExecutor.execute(HttpCommandExecutor.java:161)
at io.appium.java_client.remote.AppiumCommandExecutor.execute(AppiumCommandExecutor.java:239)
at org.openqa.selenium.remote.RemoteWebDriver.execute(RemoteWebDriver.java:577)
at org.openqa.selenium.remote.RemoteWebDriver.findElement(RemoteWebDriver.java:328)
at io.appium.java_client.DefaultGenericMobileDriver.findElement(DefaultGenericMobileDriver.java:61)
at io.appium.java_client.AppiumDriver.findElement(AppiumDriver.java:1)
at io.appium.java_client.android.AndroidDriver.findElement(AndroidDriver.java:1)
at org.openqa.selenium.remote.RemoteWebDriver.findElementByClassName(RemoteWebDriver.java:426)
at io.appium.java_client.DefaultGenericMobileDriver.findElementByClassName(DefaultGenericMobileDriver.java:125)
at io.appium.java_client.AppiumDriver.findElementByClassName(AppiumDriver.java:1)
at io.appium.java_client.android.AndroidDriver.findElementByClassName(AndroidDriver.java:1)
at org.openqa.selenium.By$ByClassName.findElement(By.java:389)
at org.openqa.selenium.remote.RemoteWebDriver.findElement(RemoteWebDriver.java:320)
at io.appium.java_client.DefaultGenericMobileDriver.findElement(DefaultGenericMobileDriver.java:57)
at io.appium.java_client.AppiumDriver.findElement(AppiumDriver.java:1)
at io.appium.java_client.android.AndroidDriver.findElement(AndroidDriver.java:1)
at com.appium.test.pages.Languagepages.chooseLanguage(Languagepages.java:21)
at com.appium.test.AmazoneTest.language(AmazoneTest.java:31)
at sun.reflect.NativeMethodAccessorImpl.invoke0(Native Method)
at sun.reflect.NativeMethodAccessorImpl.invoke(NativeMethodAccessorImpl.java:62)
at sun.reflect.DelegatingMethodAccessorImpl.invoke(DelegatingMethodAccessorImpl.java:43)
at java.lang.reflect.Method.invoke(Method.java:498)
at org.testng.internal.MethodInvocationHelper.invokeMethod(MethodInvocationHelper.java:133)
at org.testng.internal.TestInvoker.invokeMethod(TestInvoker.java:584)
at org.testng.internal.TestInvoker.invokeTestMethod(TestInvoker.java:172)
at org.testng.internal.MethodRunner.runInSequence(MethodRunner.java:46)
at org.testng.internal.TestInvoker$MethodInvocationAgent.invoke(TestInvoker.java:804)
at org.testng.internal.TestInvoker.invokeTestMethods(TestInvoker.java:145)
at org.testng.internal.TestMethodWorker.invokeTestMethods(TestMethodWorker.java:146)
at org.testng.internal.TestMethodWorker.run(TestMethodWorker.java:128)
at java.util.ArrayList.forEach(ArrayList.java:1257)
at org.testng.TestRunner.privateRun(TestRunner.java:770)
at org.testng.TestRunner.run(TestRunner.java:591)
at org.testng.SuiteRunner.runTest(SuiteRunner.java:402)
at org.testng.SuiteRunner.runSequentially(SuiteRunner.java:396)
at org.testng.SuiteRunner.privateRun(SuiteRunner.java:355)
at org.testng.SuiteRunner.run(SuiteRunner.java:304)
at org.testng.SuiteRunnerWorker.runSuite(SuiteRunnerWorker.java:53)
at org.testng.SuiteRunnerWorker.run(SuiteRunnerWorker.java:96)
at org.testng.TestNG.runSuitesSequentially(TestNG.java:1180)
at org.testng.TestNG.runSuitesLocally(TestNG.java:1102)
at org.testng.TestNG.runSuites(TestNG.java:1032)
at org.testng.TestNG.run(TestNG.java:1000)
at org.testng.remote.AbstractRemoteTestNG.run(AbstractRemoteTestNG.java:115)
at org.testng.remote.RemoteTestNG.initAndRun(RemoteTestNG.java:251)
at org.testng.remote.RemoteTestNG.main(RemoteTestNG.java:77)
]]>
            </full-stacktrace>
          </exception> <!-- org.openqa.selenium.NoSuchElementException -->
          <reporter-output>
          </reporter-output>
        </test-method> <!-- language -->
        <test-method status="PASS" signature="product()[pri:3, instance:com.appium.test.AmazoneTest@d44fc21]" name="product" duration-ms="20782" started-at="2019-10-27T21:41:13 IST" description="This test case will search the product" finished-at="2019-10-27T21:41:33 IST">
          <reporter-output>
          </reporter-output>
        </test-method> <!-- product -->
        <test-method status="PASS" signature="addToCart()[pri:4, instance:com.appium.test.AmazoneTest@d44fc21]" name="addToCart" duration-ms="16855" started-at="2019-10-27T21:41:33 IST" description="This test case will add item to cart" finished-at="2019-10-27T21:41:50 IST">
          <reporter-output>
          </reporter-output>
        </test-method> <!-- addToCart -->
        <test-method status="PASS" signature="tearDown()[pri:0, instance:com.appium.test.AmazoneTest@d44fc21]" name="tearDown" is-config="true" duration-ms="17669" started-at="2019-10-27T21:41:50 IST" finished-at="2019-10-27T21:42:08 IST">
          <reporter-output>
          </reporter-output>
        </test-method> <!-- tearDown -->
      </class> <!-- com.appium.test.AmazoneTest -->
    </test> <!-- Default test -->
  </suite> <!-- Default suite -->
</testng-results>
