<?xml version="1.0" encoding="UTF-8"?>
<!-- Generated by org.testng.reporters.JUnitXMLReporter -->
<testsuite hostname="lathabp-ThinkPad-L470-W10DG" ignored="0" name="Test1" tests="3" failures="0" timestamp="2019-10-03T16:18:45 IST" time="28.741" errors="0">
  <testcase name="Test1" time="0.0" classname="AmazonetestApp.AmazontestAppium">
    <skipped/>
  </testcase> <!-- Test1 -->
  <testcase name="Test2" time="0.0" classname="AmazonetestApp.AmazontestAppium">
    <skipped/>
  </testcase> <!-- Test2 -->
  <testcase name="f" time="0.001" classname="AmazonetestApp.AmazontestAppium">
    <skipped/>
  </testcase> <!-- f -->
</testsuite> <!-- Test1 -->
