<?xml version="1.0" encoding="UTF-8"?>
<!-- Generated by org.testng.reporters.JUnitXMLReporter -->
<testsuite hostname="lathabp-ThinkPad-L470-W10DG" ignored="3" name="Regresiopn tgest" tests="2" failures="0" timestamp="2019-11-23T23:07:31 IST" time="0.073" errors="0">
  <testcase name="demo12" time="0.014" classname="test.day1"/>
  <testcase name="demo3" time="0.001" classname="test.day1"/>
  <testcase name="demo11" time="0.0" classname="test.day1">
    <ignored/>
  </testcase> <!-- demo11 -->
  <testcase name="demo5" time="0.0" classname="test.day6">
    <ignored/>
  </testcase> <!-- demo5 -->
  <testcase name="demo7" time="0.0" classname="test.day6">
    <ignored/>
  </testcase> <!-- demo7 -->
</testsuite> <!-- Regresiopn tgest -->
