<?xml version="1.0" encoding="UTF-8"?>
<!-- Generated by org.testng.reporters.JUnitXMLReporter -->
<testsuite hostname="lathabp-ThinkPad-L470-W10DG" ignored="0" name="Test" tests="6" failures="0" timestamp="2019-11-23T22:58:49 IST" time="0.078" errors="0">
  <testcase name="demo3" time="0.007" classname="test.day3"/>
  <testcase name="demo2" time="0.001" classname="test.day2"/>
  <testcase name="demo4" time="0.002" classname="test.day4"/>
  <testcase name="demo11" time="0.002" classname="test.day1"/>
  <testcase name="demo12" time="0.002" classname="test.day1"/>
  <testcase name="demo3" time="0.001" classname="test.day1"/>
</testsuite> <!-- Test -->
